Sun Mar 10 13:33:44 GMT 2019 : Apache Derby Network Server - 10.11.1.2 - (1629631) started and ready to accept connections on port 1527
----------------------------------------------------------------
Sun Mar 10 13:33:44 GMT 2019:
Booting Derby version The Apache Software Foundation - Apache Derby - 10.11.1.2 - (1629631): instance a816c00e-0169-67cf-2ab3-fffffd5e6484 
on database directory D:\edu\oop\coursework\CJB_database with class loader sun.misc.Launcher$AppClassLoader@6f94fa3e 
Loaded from file:/C:/Program%20Files/Java/jdk1.8.0_111/db/lib/derby.jar
java.vendor=Oracle Corporation
java.runtime.version=1.8.0_111-b14
user.dir=C:\Program Files\Java\jdk1.8.0_111\db
os.name=Windows 10
os.arch=amd64
os.version=10.0
derby.system.home=D:\edu\oop\coursework
Database Class Loader started - derby.database.classpath=''
----------------------------------------------------------------
Sun Mar 10 13:33:46 GMT 2019:
Shutting down instance a816c00e-0169-67cf-2ab3-fffffd5e6484 on database directory D:\edu\oop\coursework\CJB_database with class loader sun.misc.Launcher$AppClassLoader@6f94fa3e 
Sun Mar 10 13:33:46 GMT 2019 Thread[DRDAConnThread_3,5,main] (DATABASE = CJB_database), (DRDAID = {2}), Database 'CJB_database' shutdown.
----------------------------------------------------------------
Sun Mar 10 13:33:50 GMT 2019:
Booting Derby version The Apache Software Foundation - Apache Derby - 10.11.1.2 - (1629631): instance a65c80ac-0169-67cf-2ab3-fffffd5e6484 
on database directory D:\edu\oop\coursework\CJB_database with class loader sun.misc.Launcher$AppClassLoader@6f94fa3e 
Loaded from file:/C:/Program%20Files/Java/jdk1.8.0_111/db/lib/derby.jar
java.vendor=Oracle Corporation
java.runtime.version=1.8.0_111-b14
user.dir=C:\Program Files\Java\jdk1.8.0_111\db
os.name=Windows 10
os.arch=amd64
os.version=10.0
derby.system.home=D:\edu\oop\coursework
Database Class Loader started - derby.database.classpath=''
